HangManNewGame/app/build/intermediates/manifest_merge_blame_file/debug/manifest-merger-blame-debug-report.txt
1<?xml version="1.0" encoding="utf-8"?>
2<manifest xmlns:android="http://schemas.android.com/apk/res/android"
3    package="com.example.hangmannewgame"
4    android:versionCode="1"
5    android:versionName="1.0" >
6
7    <uses-sdk
8        android:minSdkVersion="24"
8-->src\main\AndroidManifest.xml
9        android:targetSdkVersion="33" />
9-->src\main\AndroidManifest.xml
10
11    <uses-permission android:name="android.permission.INTERNET" />
11-->src\main\AndroidManifest.xml:5:5-67
11-->src\main\AndroidManifest.xml:5:22-64
12    <uses-permission android:name="android.permission.ACCESS_NETWORK_STATE" />
12-->[com.google.firebase:firebase-auth:21.1.0] AndroidManifest.xml:24:5-79
12-->[com.google.firebase:firebase-auth:21.1.0] AndroidManifest.xml:24:22-76
13    <uses-permission android:name="com.google.android.gms.permission.AD_ID" /> <!-- Android package visibility setting -->
13-->[com.google.android.gms:play-services-ads-lite:21.0.0] AndroidManifest.xml:25:5-79
13-->[com.google.android.gms:play-services-ads-lite:21.0.0] AndroidManifest.xml:25:22-76
14    <queries>
14-->[com.google.android.gms:play-services-ads-lite:21.0.0] AndroidManifest.xml:28:5-44:15
15
16        <!-- For browser content -->
17        <intent>
17-->[com.google.android.gms:play-services-ads-lite:21.0.0] AndroidManifest.xml:31:9-37:18
18            <action android:name="android.intent.action.VIEW" />
18-->[com.google.firebase:firebase-auth:21.1.0] AndroidManifest.xml:34:17-69
18-->[com.google.firebase:firebase-auth:21.1.0] AndroidManifest.xml:34:25-66
19
20            <category android:name="android.intent.category.BROWSABLE" />
20-->[com.google.firebase:firebase-auth:21.1.0] AndroidManifest.xml:37:17-78
20-->[com.google.firebase:firebase-auth:21.1.0] AndroidManifest.xml:37:27-75
21
22            <data android:scheme="https" />
22-->[com.google.firebase:firebase-auth:21.1.0] AndroidManifest.xml:39:17-42:51
22-->[com.google.firebase:firebase-auth:21.1.0] AndroidManifest.xml:42:21-48
23        </intent>
24        <!-- End of browser content -->
25        <!-- For CustomTabsService -->
26        <intent>
26-->[com.google.android.gms:play-services-ads-lite:21.0.0] AndroidManifest.xml:40:9-42:18
27            <action android:name="android.support.customtabs.action.CustomTabsService" />
27-->[com.google.android.gms:play-services-ads-lite:21.0.0] AndroidManifest.xml:41:13-90
27-->[com.google.android.gms:play-services-ads-lite:21.0.0] AndroidManifest.xml:41:21-87
28        </intent>
29        <!-- End of CustomTabsService -->
30    </queries>
31
32    <uses-permission android:name="android.permission.WAKE_LOCK" />
32-->[com.google.android.gms:play-services-measurement-sdk-api:20.1.2] AndroidManifest.xml:25:5-68
32-->[com.google.android.gms:play-services-measurement-sdk-api:20.1.2] AndroidManifest.xml:25:22-65
33    <uses-permission android:name="android.permission.RECEIVE_BOOT_COMPLETED" />
33-->[androidx.work:work-runtime:2.7.0] AndroidManifest.xml:27:5-81
33-->[androidx.work:work-runtime:2.7.0] AndroidManifest.xml:27:22-78
34    <uses-permission android:name="android.permission.FOREGROUND_SERVICE" />
34-->[androidx.work:work-runtime:2.7.0] AndroidManifest.xml:28:5-77
34-->[androidx.work:work-runtime:2.7.0] AndroidManifest.xml:28:22-74
35
36    <permission
36-->[androidx.core:core:1.9.0] AndroidManifest.xml:22:5-24:47
37        android:name="com.example.hangmannewgame.DYNAMIC_RECEIVER_NOT_EXPORTED_PERMISSION"
37-->[androidx.core:core:1.9.0] AndroidManifest.xml:23:9-81
38        android:protectionLevel="signature" />
38-->[androidx.core:core:1.9.0] AndroidManifest.xml:24:9-44
39
40    <uses-permission android:name="com.example.hangmannewgame.DYNAMIC_RECEIVER_NOT_EXPORTED_PERMISSION" />
40-->[androidx.core:core:1.9.0] AndroidManifest.xml:26:5-97
40-->[androidx.core:core:1.9.0] AndroidManifest.xml:26:22-94
41
42    <application
42-->src\main\AndroidManifest.xml:7:5-69:19
43        android:allowBackup="true"
43-->src\main\AndroidManifest.xml:8:9-35
44        android:appComponentFactory="androidx.core.app.CoreComponentFactory"
44-->[androidx.core:core:1.9.0] AndroidManifest.xml:28:18-86
45        android:dataExtractionRules="@xml/data_extraction_rules"
45-->src\main\AndroidManifest.xml:9:9-65
46        android:debuggable="true"
47        android:extractNativeLibs="false"
48        android:fullBackupContent="@xml/backup_rules"
48-->src\main\AndroidManifest.xml:10:9-54
49        android:icon="@mipmap/ic_launcher"
49-->src\main\AndroidManifest.xml:11:9-43
50        android:label="@string/app_name"
50-->src\main\AndroidManifest.xml:12:9-41
51        android:supportsRtl="true"
51-->src\main\AndroidManifest.xml:13:9-35
52        android:testOnly="true"
53        android:theme="@style/Theme.HangManNewGame" >
53-->src\main\AndroidManifest.xml:14:9-52
54        <activity
54-->src\main\AndroidManifest.xml:16:9-18:40
55            android:name="com.example.hangmannewgame.NameInput"
55-->src\main\AndroidManifest.xml:17:13-38
56            android:exported="false" />
56-->src\main\AndroidManifest.xml:18:13-37
57        <activity
57-->src\main\AndroidManifest.xml:19:9-22:66
58            android:name="com.example.hangmannewgame.MainActivity"
58-->src\main\AndroidManifest.xml:20:13-41
59            android:exported="false"
59-->src\main\AndroidManifest.xml:21:13-37
60            android:theme="@style/Theme.AppCompat.NoActionBar" />
60-->src\main\AndroidManifest.xml:22:13-63
61
62        <meta-data
62-->src\main\AndroidManifest.xml:24:9-26:70
63            android:name="com.google.android.gms.ads.APPLICATION_ID"
63-->src\main\AndroidManifest.xml:25:13-69
64            android:value="ca-app-pub-5483371328915776~8900587171" />
64-->src\main\AndroidManifest.xml:26:13-67
65
66        <activity
66-->src\main\AndroidManifest.xml:28:9-35:20
67            android:name="com.example.hangmannewgame.RewardActivity"
67-->src\main\AndroidManifest.xml:29:13-43
68            android:exported="false"
68-->src\main\AndroidManifest.xml:30:13-37
69            android:theme="@style/Theme.HangManNewGame.NoActionBar" >
69-->src\main\AndroidManifest.xml:31:13-68
70            <meta-data
70-->src\main\AndroidManifest.xml:32:13-34:36
71                android:name="android.app.lib_name"
71-->src\main\AndroidManifest.xml:33:17-52
72                android:value="" />
72-->src\main\AndroidManifest.xml:34:17-33
73        </activity>
74        <activity
74-->src\main\AndroidManifest.xml:36:9-39:71
75            android:name="com.example.hangmannewgame.RegisterActivity"
75-->src\main\AndroidManifest.xml:37:13-45
76            android:exported="false"
76-->src\main\AndroidManifest.xml:38:13-37
77            android:theme="@style/Theme.HangManNewGame.NoActionBar" />
77-->src\main\AndroidManifest.xml:39:13-68
78        <activity
78-->src\main\AndroidManifest.xml:40:9-43:71
79            android:name="com.example.hangmannewgame.RankingActivity"
79-->src\main\AndroidManifest.xml:41:13-44
80            android:exported="false"
80-->src\main\AndroidManifest.xml:42:13-37
81            android:theme="@style/Theme.HangManNewGame.NoActionBar" />
81-->src\main\AndroidManifest.xml:43:13-68
82        <activity
82-->src\main\AndroidManifest.xml:44:9-47:71
83            android:name="com.example.hangmannewgame.GameActivity"
83-->src\main\AndroidManifest.xml:45:13-41
84            android:exported="false"
84-->src\main\AndroidManifest.xml:46:13-37
85            android:theme="@style/Theme.HangManNewGame.NoActionBar" />
85-->src\main\AndroidManifest.xml:47:13-68
86        <activity
86-->src\main\AndroidManifest.xml:48:9-51:66
87            android:name="com.example.hangmannewgame.OptionsActivity"
87-->src\main\AndroidManifest.xml:49:13-44
88            android:exported="false"
88-->src\main\AndroidManifest.xml:50:13-37
89            android:theme="@style/Theme.AppCompat.NoActionBar" />
89-->src\main\AndroidManifest.xml:51:13-63
90        <activity
90-->src\main\AndroidManifest.xml:52:9-55:71
91            android:name="com.example.hangmannewgame.LoginActivity"
91-->src\main\AndroidManifest.xml:53:13-42
92            android:exported="false"
92-->src\main\AndroidManifest.xml:54:13-37
93            android:theme="@style/Theme.HangManNewGame.NoActionBar" />
93-->src\main\AndroidManifest.xml:55:13-68
94        <activity
94-->src\main\AndroidManifest.xml:56:9-66:20
95            android:name="com.example.hangmannewgame.SplashScreenActivity"
95-->src\main\AndroidManifest.xml:57:13-49
96            android:exported="true"
96-->src\main\AndroidManifest.xml:58:13-36
97            android:label="@string/app_name"
97-->src\main\AndroidManifest.xml:59:13-45
98            android:theme="@style/Theme.HangManNewGame.NoActionBar" >
98-->src\main\AndroidManifest.xml:60:13-68
99            <intent-filter>
99-->src\main\AndroidManifest.xml:61:13-65:29
100                <action android:name="android.intent.action.MAIN" />
100-->src\main\AndroidManifest.xml:62:17-69
100-->src\main\AndroidManifest.xml:62:25-66
101
102                <category android:name="android.intent.category.LAUNCHER" />
102-->src\main\AndroidManifest.xml:64:17-77
102-->src\main\AndroidManifest.xml:64:27-74
103            </intent-filter>
104        </activity>
105
106        <service android:name="com.example.hangmannewgame.services.BackgroundSoundService" />
106-->src\main\AndroidManifest.xml:68:9-67
106-->src\main\AndroidManifest.xml:68:18-65
107
108        <activity
108-->[com.google.firebase:firebase-auth:21.1.0] AndroidManifest.xml:27:9-44:20
109            android:name="com.google.firebase.auth.internal.GenericIdpActivity"
109-->[com.google.firebase:firebase-auth:21.1.0] AndroidManifest.xml:28:13-80
110            android:excludeFromRecents="true"
110-->[com.google.firebase:firebase-auth:21.1.0] AndroidManifest.xml:29:13-46
111            android:exported="true"
111-->[com.google.firebase:firebase-auth:21.1.0] AndroidManifest.xml:30:13-36
112            android:launchMode="singleTask"
112-->[com.google.firebase:firebase-auth:21.1.0] AndroidManifest.xml:31:13-44
113            android:theme="@android:style/Theme.Translucent.NoTitleBar" >
113-->[com.google.firebase:firebase-auth:21.1.0] AndroidManifest.xml:32:13-72
114            <intent-filter>
114-->[com.google.firebase:firebase-auth:21.1.0] AndroidManifest.xml:33:13-43:29
115                <action android:name="android.intent.action.VIEW" />
115-->[com.google.firebase:firebase-auth:21.1.0] AndroidManifest.xml:34:17-69
115-->[com.google.firebase:firebase-auth:21.1.0] AndroidManifest.xml:34:25-66
116
117                <category android:name="android.intent.category.DEFAULT" />
117-->[com.google.firebase:firebase-auth:21.1.0] AndroidManifest.xml:36:17-76
117-->[com.google.firebase:firebase-auth:21.1.0] AndroidManifest.xml:36:27-73
118                <category android:name="android.intent.category.BROWSABLE" />
118-->[com.google.firebase:firebase-auth:21.1.0] AndroidManifest.xml:37:17-78
118-->[com.google.firebase:firebase-auth:21.1.0] AndroidManifest.xml:37:27-75
119
120                <data
120-->[com.google.firebase:firebase-auth:21.1.0] AndroidManifest.xml:39:17-42:51
121                    android:host="firebase.auth"
121-->[com.google.firebase:firebase-auth:21.1.0] AndroidManifest.xml:40:21-49
122                    android:path="/"
122-->[com.google.firebase:firebase-auth:21.1.0] AndroidManifest.xml:41:21-37
123                    android:scheme="genericidp" />
123-->[com.google.firebase:firebase-auth:21.1.0] AndroidManifest.xml:42:21-48
124            </intent-filter>
125        </activity>
126        <activity
126-->[com.google.firebase:firebase-auth:21.1.0] AndroidManifest.xml:45:9-62:20
127            android:name="com.google.firebase.auth.internal.RecaptchaActivity"
127-->[com.google.firebase:firebase-auth:21.1.0] AndroidManifest.xml:46:13-79
128            android:excludeFromRecents="true"
128-->[com.google.firebase:firebase-auth:21.1.0] AndroidManifest.xml:47:13-46
129            android:exported="true"
129-->[com.google.firebase:firebase-auth:21.1.0] AndroidManifest.xml:48:13-36
130            android:launchMode="singleTask"
130-->[com.google.firebase:firebase-auth:21.1.0] AndroidManifest.xml:49:13-44
131            android:theme="@android:style/Theme.Translucent.NoTitleBar" >
131-->[com.google.firebase:firebase-auth:21.1.0] AndroidManifest.xml:50:13-72
132            <intent-filter>
132-->[com.google.firebase:firebase-auth:21.1.0] AndroidManifest.xml:51:13-61:29
133                <action android:name="android.intent.action.VIEW" />
133-->[com.google.firebase:firebase-auth:21.1.0] AndroidManifest.xml:34:17-69
133-->[com.google.firebase:firebase-auth:21.1.0] AndroidManifest.xml:34:25-66
134
135                <category android:name="android.intent.category.DEFAULT" />
135-->[com.google.firebase:firebase-auth:21.1.0] AndroidManifest.xml:36:17-76
135-->[com.google.firebase:firebase-auth:21.1.0] AndroidManifest.xml:36:27-73
136                <category android:name="android.intent.category.BROWSABLE" />
136-->[com.google.firebase:firebase-auth:21.1.0] AndroidManifest.xml:37:17-78
136-->[com.google.firebase:firebase-auth:21.1.0] AndroidManifest.xml:37:27-75
137
138                <data
138-->[com.google.firebase:firebase-auth:21.1.0] AndroidManifest.xml:39:17-42:51
139                    android:host="firebase.auth"
139-->[com.google.firebase:firebase-auth:21.1.0] AndroidManifest.xml:40:21-49
140                    android:path="/"
140-->[com.google.firebase:firebase-auth:21.1.0] AndroidManifest.xml:41:21-37
141                    android:scheme="recaptcha" />
141-->[com.google.firebase:firebase-auth:21.1.0] AndroidManifest.xml:42:21-48
142            </intent-filter>
143        </activity>
144
145        <service
145-->[com.google.firebase:firebase-auth:21.1.0] AndroidManifest.xml:64:9-70:19
146            android:name="com.google.firebase.components.ComponentDiscoveryService"
146-->[com.google.firebase:firebase-auth:21.1.0] AndroidManifest.xml:65:13-84
147            android:directBootAware="true"
147-->[com.google.firebase:firebase-common:20.2.0] AndroidManifest.xml:34:13-43
148            android:exported="false" >
148-->[com.google.firebase:firebase-auth:21.1.0] AndroidManifest.xml:66:13-37
149            <meta-data
149-->[com.google.firebase:firebase-auth:21.1.0] AndroidManifest.xml:67:13-69:85
150                android:name="com.google.firebase.components:com.google.firebase.auth.FirebaseAuthRegistrar"
150-->[com.google.firebase:firebase-auth:21.1.0] AndroidManifest.xml:68:17-109
151                android:value="com.google.firebase.components.ComponentRegistrar" />
151-->[com.google.firebase:firebase-auth:21.1.0] AndroidManifest.xml:69:17-82
152            <meta-data
152-->[com.google.firebase:firebase-database:20.0.4] AndroidManifest.xml:32:13-34:85
153                android:name="com.google.firebase.components:com.google.firebase.database.DatabaseRegistrar"
153-->[com.google.firebase:firebase-database:20.0.4] AndroidManifest.xml:33:17-109
154                android:value="com.google.firebase.components.ComponentRegistrar" />
154-->[com.google.firebase:firebase-database:20.0.4] AndroidManifest.xml:34:17-82
155        </service>
156
157        <provider
157-->[com.google.firebase:firebase-common:20.2.0] AndroidManifest.xml:25:9-30:39
158            android:name="com.google.firebase.provider.FirebaseInitProvider"
158-->[com.google.firebase:firebase-common:20.2.0] AndroidManifest.xml:26:13-77
159            android:authorities="com.example.hangmannewgame.firebaseinitprovider"
159-->[com.google.firebase:firebase-common:20.2.0] AndroidManifest.xml:27:13-72
160            android:directBootAware="true"
160-->[com.google.firebase:firebase-common:20.2.0] AndroidManifest.xml:28:13-43
161            android:exported="false"
161-->[com.google.firebase:firebase-common:20.2.0] AndroidManifest.xml:29:13-37
162            android:initOrder="100" />
162-->[com.google.firebase:firebase-common:20.2.0] AndroidManifest.xml:30:13-36
163
164        <activity
164-->[com.google.android.gms:play-services-base:18.0.1] AndroidManifest.xml:20:9-22:45
165            android:name="com.google.android.gms.common.api.GoogleApiActivity"
165-->[com.google.android.gms:play-services-base:18.0.1] AndroidManifest.xml:20:19-85
166            android:exported="false"
166-->[com.google.android.gms:play-services-base:18.0.1] AndroidManifest.xml:22:19-43
167            android:theme="@android:style/Theme.Translucent.NoTitleBar" /> <!-- Include the AdActivity and InAppPurchaseActivity configChanges and themes. -->
167-->[com.google.android.gms:play-services-base:18.0.1] AndroidManifest.xml:21:19-78
168        <activity
168-->[com.google.android.gms:play-services-ads-lite:21.0.0] AndroidManifest.xml:49:9-53:64
169            android:name="com.google.android.gms.ads.AdActivity"
169-->[com.google.android.gms:play-services-ads-lite:21.0.0] AndroidManifest.xml:50:13-65
170            android:configChanges="keyboard|keyboardHidden|orientation|screenLayout|uiMode|screenSize|smallestScreenSize"
170-->[com.google.android.gms:play-services-ads-lite:21.0.0] AndroidManifest.xml:51:13-122
171            android:exported="false"
171-->[com.google.android.gms:play-services-ads-lite:21.0.0] AndroidManifest.xml:52:13-37
172            android:theme="@android:style/Theme.Translucent" />
172-->[com.google.android.gms:play-services-ads-lite:21.0.0] AndroidManifest.xml:53:13-61
173
174        <provider
174-->[com.google.android.gms:play-services-ads-lite:21.0.0] AndroidManifest.xml:55:9-59:39
175            android:name="com.google.android.gms.ads.MobileAdsInitProvider"
175-->[com.google.android.gms:play-services-ads-lite:21.0.0] AndroidManifest.xml:56:13-76
176            android:authorities="com.example.hangmannewgame.mobileadsinitprovider"
176-->[com.google.android.gms:play-services-ads-lite:21.0.0] AndroidManifest.xml:57:13-73
177            android:exported="false"
177-->[com.google.android.gms:play-services-ads-lite:21.0.0] AndroidManifest.xml:58:13-37
178            android:initOrder="100" />
178-->[com.google.android.gms:play-services-ads-lite:21.0.0] AndroidManifest.xml:59:13-36
179
180        <service
180-->[com.google.android.gms:play-services-ads-lite:21.0.0] AndroidManifest.xml:61:9-64:40
181            android:name="com.google.android.gms.ads.AdService"
181-->[com.google.android.gms:play-services-ads-lite:21.0.0] AndroidManifest.xml:62:13-64
182            android:enabled="true"
182-->[com.google.android.gms:play-services-ads-lite:21.0.0] AndroidManifest.xml:63:13-35
183            android:exported="false" />
183-->[com.google.android.gms:play-services-ads-lite:21.0.0] AndroidManifest.xml:64:13-37
184
185        <meta-data
185-->[com.google.android.gms:play-services-basement:18.1.0] AndroidManifest.xml:21:9-23:69
186            android:name="com.google.android.gms.version"
186-->[com.google.android.gms:play-services-basement:18.1.0] AndroidManifest.xml:22:13-58
187            android:value="@integer/google_play_services_version" />
187-->[com.google.android.gms:play-services-basement:18.1.0] AndroidManifest.xml:23:13-66
188
189        <uses-library
189-->[androidx.window:window:1.0.0] AndroidManifest.xml:25:9-27:40
190            android:name="androidx.window.extensions"
190-->[androidx.window:window:1.0.0] AndroidManifest.xml:26:13-54
191            android:required="false" />
191-->[androidx.window:window:1.0.0] AndroidManifest.xml:27:13-37
192        <uses-library
192-->[androidx.window:window:1.0.0] AndroidManifest.xml:28:9-30:40
193            android:name="androidx.window.sidecar"
193-->[androidx.window:window:1.0.0] AndroidManifest.xml:29:13-51
194            android:required="false" />
194-->[androidx.window:window:1.0.0] AndroidManifest.xml:30:13-37
195
196        <provider
196-->[androidx.emoji2:emoji2:1.2.0] AndroidManifest.xml:24:9-32:20
197            android:name="androidx.startup.InitializationProvider"
197-->[androidx.emoji2:emoji2:1.2.0] AndroidManifest.xml:25:13-67
198            android:authorities="com.example.hangmannewgame.androidx-startup"
198-->[androidx.emoji2:emoji2:1.2.0] AndroidManifest.xml:26:13-68
199            android:exported="false" >
199-->[androidx.emoji2:emoji2:1.2.0] AndroidManifest.xml:27:13-37
200            <meta-data
200-->[androidx.emoji2:emoji2:1.2.0] AndroidManifest.xml:29:13-31:52
201                android:name="androidx.emoji2.text.EmojiCompatInitializer"
201-->[androidx.emoji2:emoji2:1.2.0] AndroidManifest.xml:30:17-75
202                android:value="androidx.startup" />
202-->[androidx.emoji2:emoji2:1.2.0] AndroidManifest.xml:31:17-49
203            <meta-data
203-->[androidx.work:work-runtime:2.7.0] AndroidManifest.xml:36:13-38:52
204                android:name="androidx.work.WorkManagerInitializer"
204-->[androidx.work:work-runtime:2.7.0] AndroidManifest.xml:37:17-68
205                android:value="androidx.startup" />
205-->[androidx.work:work-runtime:2.7.0] AndroidManifest.xml:38:17-49
206            <meta-data
206-->[androidx.lifecycle:lifecycle-process:2.4.1] AndroidManifest.xml:31:13-33:52
207                android:name="androidx.lifecycle.ProcessLifecycleInitializer"
207-->[androidx.lifecycle:lifecycle-process:2.4.1] AndroidManifest.xml:32:17-78
208                android:value="androidx.startup" />
208-->[androidx.lifecycle:lifecycle-process:2.4.1] AndroidManifest.xml:33:17-49
209        </provider>
210
211        <service
211-->[androidx.work:work-runtime:2.7.0] AndroidManifest.xml:41:9-46:35
212            android:name="androidx.work.impl.background.systemalarm.SystemAlarmService"
212-->[androidx.work:work-runtime:2.7.0] AndroidManifest.xml:42:13-88
213            android:directBootAware="false"
213-->[androidx.work:work-runtime:2.7.0] AndroidManifest.xml:43:13-44
214            android:enabled="@bool/enable_system_alarm_service_default"
214-->[androidx.work:work-runtime:2.7.0] AndroidManifest.xml:44:13-72
215            android:exported="false" />
215-->[androidx.work:work-runtime:2.7.0] AndroidManifest.xml:45:13-37
216        <service
216-->[androidx.work:work-runtime:2.7.0] AndroidManifest.xml:47:9-53:35
217            android:name="androidx.work.impl.background.systemjob.SystemJobService"
217-->[androidx.work:work-runtime:2.7.0] AndroidManifest.xml:48:13-84
218            android:directBootAware="false"
218-->[androidx.work:work-runtime:2.7.0] AndroidManifest.xml:49:13-44
219            android:enabled="@bool/enable_system_job_service_default"
219-->[androidx.work:work-runtime:2.7.0] AndroidManifest.xml:50:13-70
220            android:exported="true"
220-->[androidx.work:work-runtime:2.7.0] AndroidManifest.xml:51:13-36
221            android:permission="android.permission.BIND_JOB_SERVICE" />
221-->[androidx.work:work-runtime:2.7.0] AndroidManifest.xml:52:13-69
222        <service
222-->[androidx.work:work-runtime:2.7.0] AndroidManifest.xml:54:9-59:35
223            android:name="androidx.work.impl.foreground.SystemForegroundService"
223-->[androidx.work:work-runtime:2.7.0] AndroidManifest.xml:55:13-81
224            android:directBootAware="false"
224-->[androidx.work:work-runtime:2.7.0] AndroidManifest.xml:56:13-44
225            android:enabled="@bool/enable_system_foreground_service_default"
225-->[androidx.work:work-runtime:2.7.0] AndroidManifest.xml:57:13-77
226            android:exported="false" />
226-->[androidx.work:work-runtime:2.7.0] AndroidManifest.xml:58:13-37
227
228        <receiver
228-->[androidx.work:work-runtime:2.7.0] AndroidManifest.xml:61:9-66:35
229            android:name="androidx.work.impl.utils.ForceStopRunnable$BroadcastReceiver"
229-->[androidx.work:work-runtime:2.7.0] AndroidManifest.xml:62:13-88
230            android:directBootAware="false"
230-->[androidx.work:work-runtime:2.7.0] AndroidManifest.xml:63:13-44
231            android:enabled="true"
231-->[androidx.work:work-runtime:2.7.0] AndroidManifest.xml:64:13-35
232            android:exported="false" />
232-->[androidx.work:work-runtime:2.7.0] AndroidManifest.xml:65:13-37
233        <receiver
233-->[androidx.work:work-runtime:2.7.0] AndroidManifest.xml:67:9-77:20
234            android:name="androidx.work.impl.background.systemalarm.ConstraintProxy$BatteryChargingProxy"
234-->[androidx.work:work-runtime:2.7.0] AndroidManifest.xml:68:13-106
235            android:directBootAware="false"
235-->[androidx.work:work-runtime:2.7.0] AndroidManifest.xml:69:13-44
236            android:enabled="false"
236-->[androidx.work:work-runtime:2.7.0] AndroidManifest.xml:70:13-36
237            android:exported="false" >
237-->[androidx.work:work-runtime:2.7.0] AndroidManifest.xml:71:13-37
238            <intent-filter>
238-->[androidx.work:work-runtime:2.7.0] AndroidManifest.xml:73:13-76:29
239                <action android:name="android.intent.action.ACTION_POWER_CONNECTED" />
239-->[androidx.work:work-runtime:2.7.0] AndroidManifest.xml:74:17-87
239-->[androidx.work:work-runtime:2.7.0] AndroidManifest.xml:74:25-84
240                <action android:name="android.intent.action.ACTION_POWER_DISCONNECTED" />
240-->[androidx.work:work-runtime:2.7.0] AndroidManifest.xml:75:17-90
240-->[androidx.work:work-runtime:2.7.0] AndroidManifest.xml:75:25-87
241            </intent-filter>
242        </receiver>
243        <receiver
243-->[androidx.work:work-runtime:2.7.0] AndroidManifest.xml:78:9-88:20
244            android:name="androidx.work.impl.background.systemalarm.ConstraintProxy$BatteryNotLowProxy"
244-->[androidx.work:work-runtime:2.7.0] AndroidManifest.xml:79:13-104
245            android:directBootAware="false"
245-->[androidx.work:work-runtime:2.7.0] AndroidManifest.xml:80:13-44
246            android:enabled="false"
246-->[androidx.work:work-runtime:2.7.0] AndroidManifest.xml:81:13-36
247            android:exported="false" >
247-->[androidx.work:work-runtime:2.7.0] AndroidManifest.xml:82:13-37
248            <intent-filter>
248-->[androidx.work:work-runtime:2.7.0] AndroidManifest.xml:84:13-87:29
249                <action android:name="android.intent.action.BATTERY_OKAY" />
249-->[androidx.work:work-runtime:2.7.0] AndroidManifest.xml:85:17-77
249-->[androidx.work:work-runtime:2.7.0] AndroidManifest.xml:85:25-74
250                <action android:name="android.intent.action.BATTERY_LOW" />
250-->[androidx.work:work-runtime:2.7.0] AndroidManifest.xml:86:17-76
250-->[androidx.work:work-runtime:2.7.0] AndroidManifest.xml:86:25-73
251            </intent-filter>
252        </receiver>
253        <receiver
253-->[androidx.work:work-runtime:2.7.0] AndroidManifest.xml:89:9-99:20
254            android:name="androidx.work.impl.background.systemalarm.ConstraintProxy$StorageNotLowProxy"
254-->[androidx.work:work-runtime:2.7.0] AndroidManifest.xml:90:13-104
255            android:directBootAware="false"
255-->[androidx.work:work-runtime:2.7.0] AndroidManifest.xml:91:13-44
256            android:enabled="false"
256-->[androidx.work:work-runtime:2.7.0] AndroidManifest.xml:92:13-36
257            android:exported="false" >
257-->[androidx.work:work-runtime:2.7.0] AndroidManifest.xml:93:13-37
258            <intent-filter>
258-->[androidx.work:work-runtime:2.7.0] AndroidManifest.xml:95:13-98:29
259                <action android:name="android.intent.action.DEVICE_STORAGE_LOW" />
259-->[androidx.work:work-runtime:2.7.0] AndroidManifest.xml:96:17-83
259-->[androidx.work:work-runtime:2.7.0] AndroidManifest.xml:96:25-80
260                <action android:name="android.intent.action.DEVICE_STORAGE_OK" />
260-->[androidx.work:work-runtime:2.7.0] AndroidManifest.xml:97:17-82
260-->[androidx.work:work-runtime:2.7.0] AndroidManifest.xml:97:25-79
261            </intent-filter>
262        </receiver>
263        <receiver
263-->[androidx.work:work-runtime:2.7.0] AndroidManifest.xml:100:9-109:20
264            android:name="androidx.work.impl.background.systemalarm.ConstraintProxy$NetworkStateProxy"
264-->[androidx.work:work-runtime:2.7.0] AndroidManifest.xml:101:13-103
265            android:directBootAware="false"
265-->[androidx.work:work-runtime:2.7.0] AndroidManifest.xml:102:13-44
266            android:enabled="false"
266-->[androidx.work:work-runtime:2.7.0] AndroidManifest.xml:103:13-36
267            android:exported="false" >
267-->[androidx.work:work-runtime:2.7.0] AndroidManifest.xml:104:13-37
268            <intent-filter>
268-->[androidx.work:work-runtime:2.7.0] AndroidManifest.xml:106:13-108:29
269                <action android:name="android.net.conn.CONNECTIVITY_CHANGE" />
269-->[androidx.work:work-runtime:2.7.0] AndroidManifest.xml:107:17-79
269-->[androidx.work:work-runtime:2.7.0] AndroidManifest.xml:107:25-76
270            </intent-filter>
271        </receiver>
272        <receiver
272-->[androidx.work:work-runtime:2.7.0] AndroidManifest.xml:110:9-121:20
273            android:name="androidx.work.impl.background.systemalarm.RescheduleReceiver"
273-->[androidx.work:work-runtime:2.7.0] AndroidManifest.xml:111:13-88
274            android:directBootAware="false"
274-->[androidx.work:work-runtime:2.7.0] AndroidManifest.xml:112:13-44
275            android:enabled="false"
275-->[androidx.work:work-runtime:2.7.0] AndroidManifest.xml:113:13-36
276            android:exported="false" >
276-->[androidx.work:work-runtime:2.7.0] AndroidManifest.xml:114:13-37
277            <intent-filter>
277-->[androidx.work:work-runtime:2.7.0] AndroidManifest.xml:116:13-120:29
278                <action android:name="android.intent.action.BOOT_COMPLETED" />
278-->[androidx.work:work-runtime:2.7.0] AndroidManifest.xml:117:17-79
278-->[androidx.work:work-runtime:2.7.0] AndroidManifest.xml:117:25-76
279                <action android:name="android.intent.action.TIME_SET" />
279-->[androidx.work:work-runtime:2.7.0] AndroidManifest.xml:118:17-73
279-->[androidx.work:work-runtime:2.7.0] AndroidManifest.xml:118:25-70
280                <action android:name="android.intent.action.TIMEZONE_CHANGED" />
280-->[androidx.work:work-runtime:2.7.0] AndroidManifest.xml:119:17-81
280-->[androidx.work:work-runtime:2.7.0] AndroidManifest.xml:119:25-78